  QBertGame.vcxproj -> D:\Trabalho\DAE\2nd Year\2nd Semester\Programming 4\QBertGameEngine\x64\DebugDLL\QBertGame.exe
  D:\Trabalho\DAE\2nd Year\2nd Semester\Programming 4\QBertGameEngine\3rdParty\SDL2\lib\x64\SDL2.dll
  1 File(s) copied
  D:\Trabalho\DAE\2nd Year\2nd Semester\Programming 4\QBertGameEngine\3rdParty\SDL2_image\lib\x64\libjpeg-9.dll
  D:\Trabalho\DAE\2nd Year\2nd Semester\Programming 4\QBertGameEngine\3rdParty\SDL2_image\lib\x64\libpng16-16.dll
  D:\Trabalho\DAE\2nd Year\2nd Semester\Programming 4\QBertGameEngine\3rdParty\SDL2_image\lib\x64\libtiff-5.dll
  D:\Trabalho\DAE\2nd Year\2nd Semester\Programming 4\QBertGameEngine\3rdParty\SDL2_image\lib\x64\libwebp-7.dll
  D:\Trabalho\DAE\2nd Year\2nd Semester\Programming 4\QBertGameEngine\3rdParty\SDL2_image\lib\x64\SDL2_image.dll
  D:\Trabalho\DAE\2nd Year\2nd Semester\Programming 4\QBertGameEngine\3rdParty\SDL2_image\lib\x64\zlib1.dll
  6 File(s) copied
  D:\Trabalho\DAE\2nd Year\2nd Semester\Programming 4\QBertGameEngine\3rdParty\SDL2_ttf\lib\x64\libfreetype-6.dll
  D:\Trabalho\DAE\2nd Year\2nd Semester\Programming 4\QBertGameEngine\3rdParty\SDL2_ttf\lib\x64\SDL2_ttf.dll
  2 File(s) copied
  D:\Trabalho\DAE\2nd Year\2nd Semester\Programming 4\QBertGameEngine\x64\DebugDLL\libfreetype-6.dll
  File cannot be copied onto itself
  0 File(s) copied
C:\Program Files (x86)\Microsoft Visual Studio\2019\Enterprise\MSBuild\Microsoft\VC\v160\Microsoft.CppCommon.targets(153,5): error MSB3073: The command "xcopy "D:\Trabalho\DAE\2nd Year\2nd Semester\Programming 4\QBertGameEngine\3rdParty\SDL2\lib\x64\SDL2.dll" "D:\Trabalho\DAE\2nd Year\2nd Semester\Programming 4\QBertGameEngine\x64\DebugDLL\" /R /Y
C:\Program Files (x86)\Microsoft Visual Studio\2019\Enterprise\MSBuild\Microsoft\VC\v160\Microsoft.CppCommon.targets(153,5): error MSB3073: xcopy "D:\Trabalho\DAE\2nd Year\2nd Semester\Programming 4\QBertGameEngine\3rdParty\SDL2_image\lib\x64\*.dll" "D:\Trabalho\DAE\2nd Year\2nd Semester\Programming 4\QBertGameEngine\x64\DebugDLL\" /R /Y
C:\Program Files (x86)\Microsoft Visual Studio\2019\Enterprise\MSBuild\Microsoft\VC\v160\Microsoft.CppCommon.targets(153,5): error MSB3073: xcopy "D:\Trabalho\DAE\2nd Year\2nd Semester\Programming 4\QBertGameEngine\3rdParty\SDL2_ttf\lib\x64\*.dll" "D:\Trabalho\DAE\2nd Year\2nd Semester\Programming 4\QBertGameEngine\x64\DebugDLL\" /R /Y
C:\Program Files (x86)\Microsoft Visual Studio\2019\Enterprise\MSBuild\Microsoft\VC\v160\Microsoft.CppCommon.targets(153,5): error MSB3073: xcopy "D:\Trabalho\DAE\2nd Year\2nd Semester\Programming 4\QBertGameEngine\x64\DebugDLL\*.dll" "D:\Trabalho\DAE\2nd Year\2nd Semester\Programming 4\QBertGameEngine\x64\DebugDLL\" /R /Y
C:\Program Files (x86)\Microsoft Visual Studio\2019\Enterprise\MSBuild\Microsoft\VC\v160\Microsoft.CppCommon.targets(153,5): error MSB3073: :VCEnd" exited with code 4.
