  Cube.cpp
  Pyramid.cpp
  QBert.cpp
  QBertGame.cpp
  Generating code
  0 of 2878 functions ( 0.0%) were compiled, the rest were copied from previous compilation.
    0 functions were new in current compilation
    0 functions had inline decision re-evaluated but remain unchanged
  Finished generating code
  QBertGame.vcxproj -> D:\Trabalho\DAE\2nd Year\2nd Semester\Programming 4\QBertGameEngine\Release\QBertGame.exe
  D:\Trabalho\DAE\2nd Year\2nd Semester\Programming 4\QBertGameEngine\3rdParty\SDL2\lib\x86\SDL2.dll
  1 File(s) copied
  D:\Trabalho\DAE\2nd Year\2nd Semester\Programming 4\QBertGameEngine\3rdParty\SDL2_image\lib\x86\libjpeg-9.dll
  D:\Trabalho\DAE\2nd Year\2nd Semester\Programming 4\QBertGameEngine\3rdParty\SDL2_image\lib\x86\libpng16-16.dll
  D:\Trabalho\DAE\2nd Year\2nd Semester\Programming 4\QBertGameEngine\3rdParty\SDL2_image\lib\x86\libtiff-5.dll
  D:\Trabalho\DAE\2nd Year\2nd Semester\Programming 4\QBertGameEngine\3rdParty\SDL2_image\lib\x86\libwebp-7.dll
  D:\Trabalho\DAE\2nd Year\2nd Semester\Programming 4\QBertGameEngine\3rdParty\SDL2_image\lib\x86\SDL2_image.dll
  D:\Trabalho\DAE\2nd Year\2nd Semester\Programming 4\QBertGameEngine\3rdParty\SDL2_image\lib\x86\zlib1.dll
  6 File(s) copied
  D:\Trabalho\DAE\2nd Year\2nd Semester\Programming 4\QBertGameEngine\3rdParty\SDL2_ttf\lib\x86\libfreetype-6.dll
  D:\Trabalho\DAE\2nd Year\2nd Semester\Programming 4\QBertGameEngine\3rdParty\SDL2_ttf\lib\x86\SDL2_ttf.dll
  2 File(s) copied
