d:\trabalho\dae\2nd year\2nd semester\programming 4\qbertgameengine\minigin\x64\debug\minigin.pch
d:\trabalho\dae\2nd year\2nd semester\programming 4\qbertgameengine\minigin\x64\debug\minigin.pdb
d:\trabalho\dae\2nd year\2nd semester\programming 4\qbertgameengine\minigin\x64\debug\minigin.idb
d:\trabalho\dae\2nd year\2nd semester\programming 4\qbertgameengine\minigin\x64\debug\miniginpch.obj
d:\trabalho\dae\2nd year\2nd semester\programming 4\qbertgameengine\minigin\x64\debug\imgui_widgets.obj
d:\trabalho\dae\2nd year\2nd semester\programming 4\qbertgameengine\minigin\x64\debug\imgui_tables.obj
d:\trabalho\dae\2nd year\2nd semester\programming 4\qbertgameengine\minigin\x64\debug\imgui_draw.obj
d:\trabalho\dae\2nd year\2nd semester\programming 4\qbertgameengine\minigin\x64\debug\imgui_demo.obj
d:\trabalho\dae\2nd year\2nd semester\programming 4\qbertgameengine\minigin\x64\debug\imgui.obj
d:\trabalho\dae\2nd year\2nd semester\programming 4\qbertgameengine\minigin\x64\debug\imgui_impl_sdl.obj
d:\trabalho\dae\2nd year\2nd semester\programming 4\qbertgameengine\minigin\x64\debug\imgui_impl_opengl2.obj
d:\trabalho\dae\2nd year\2nd semester\programming 4\qbertgameengine\minigin\x64\debug\resourcemanager.obj
d:\trabalho\dae\2nd year\2nd semester\programming 4\qbertgameengine\minigin\x64\debug\renderer.obj
d:\trabalho\dae\2nd year\2nd semester\programming 4\qbertgameengine\minigin\x64\debug\qbertcomponent.obj
d:\trabalho\dae\2nd year\2nd semester\programming 4\qbertgameengine\minigin\x64\debug\pointsdisplaycomponent.obj
d:\trabalho\dae\2nd year\2nd semester\programming 4\qbertgameengine\minigin\x64\debug\physicscomponent.obj
d:\trabalho\dae\2nd year\2nd semester\programming 4\qbertgameengine\minigin\x64\debug\observer.obj
d:\trabalho\dae\2nd year\2nd semester\programming 4\qbertgameengine\minigin\x64\debug\minigin.obj
d:\trabalho\dae\2nd year\2nd semester\programming 4\qbertgameengine\minigin\x64\debug\main.obj
d:\trabalho\dae\2nd year\2nd semester\programming 4\qbertgameengine\minigin\x64\debug\livesdisplaycomponent.obj
d:\trabalho\dae\2nd year\2nd semester\programming 4\qbertgameengine\minigin\x64\debug\lifecomponent.obj
d:\trabalho\dae\2nd year\2nd semester\programming 4\qbertgameengine\minigin\x64\debug\inputmanager.obj
d:\trabalho\dae\2nd year\2nd semester\programming 4\qbertgameengine\minigin\x64\debug\inputcomponent.obj
d:\trabalho\dae\2nd year\2nd semester\programming 4\qbertgameengine\minigin\x64\debug\graphicscomponent.obj
d:\trabalho\dae\2nd year\2nd semester\programming 4\qbertgameengine\minigin\x64\debug\gameobject.obj
d:\trabalho\dae\2nd year\2nd semester\programming 4\qbertgameengine\minigin\x64\debug\hpdisplay.obj
d:\trabalho\dae\2nd year\2nd semester\programming 4\qbertgameengine\minigin\x64\debug\fpscomponent.obj
d:\trabalho\dae\2nd year\2nd semester\programming 4\qbertgameengine\minigin\x64\debug\font.obj
d:\trabalho\dae\2nd year\2nd semester\programming 4\qbertgameengine\minigin\x64\debug\command.obj
d:\trabalho\dae\2nd year\2nd semester\programming 4\qbertgameengine\minigin\x64\debug\basecomponent.obj
d:\trabalho\dae\2nd year\2nd semester\programming 4\qbertgameengine\minigin\x64\debug\audiocomponent.obj
d:\trabalho\dae\2nd year\2nd semester\programming 4\qbertgameengine\minigin\x64\debug\transform.obj
d:\trabalho\dae\2nd year\2nd semester\programming 4\qbertgameengine\minigin\x64\debug\texture2d.obj
d:\trabalho\dae\2nd year\2nd semester\programming 4\qbertgameengine\minigin\x64\debug\textcomponent.obj
d:\trabalho\dae\2nd year\2nd semester\programming 4\qbertgameengine\minigin\x64\debug\subject.obj
d:\trabalho\dae\2nd year\2nd semester\programming 4\qbertgameengine\minigin\x64\debug\scenemanager.obj
d:\trabalho\dae\2nd year\2nd semester\programming 4\qbertgameengine\minigin\x64\debug\scene.obj
d:\trabalho\dae\2nd year\2nd semester\programming 4\qbertgameengine\x64\debug\minigin.lib
d:\trabalho\dae\2nd year\2nd semester\programming 4\qbertgameengine\minigin\x64\debug\minigin.tlog\cl.command.1.tlog
d:\trabalho\dae\2nd year\2nd semester\programming 4\qbertgameengine\minigin\x64\debug\minigin.tlog\cl.read.1.tlog
d:\trabalho\dae\2nd year\2nd semester\programming 4\qbertgameengine\minigin\x64\debug\minigin.tlog\cl.write.1.tlog
d:\trabalho\dae\2nd year\2nd semester\programming 4\qbertgameengine\minigin\x64\debug\minigin.tlog\lib-link.read.1.tlog
d:\trabalho\dae\2nd year\2nd semester\programming 4\qbertgameengine\minigin\x64\debug\minigin.tlog\lib-link.write.1.tlog
d:\trabalho\dae\2nd year\2nd semester\programming 4\qbertgameengine\minigin\x64\debug\minigin.tlog\lib.command.1.tlog
