d:\trabalho\dae\2nd year\2nd semester\programming 4\qbertgameengine\minigin\win32\debugdll\minigin.pch
d:\trabalho\dae\2nd year\2nd semester\programming 4\qbertgameengine\minigin\win32\debugdll\vc142.pdb
d:\trabalho\dae\2nd year\2nd semester\programming 4\qbertgameengine\minigin\win32\debugdll\vc142.idb
d:\trabalho\dae\2nd year\2nd semester\programming 4\qbertgameengine\minigin\win32\debugdll\miniginpch.obj
d:\trabalho\dae\2nd year\2nd semester\programming 4\qbertgameengine\minigin\win32\debugdll\imgui_widgets.obj
d:\trabalho\dae\2nd year\2nd semester\programming 4\qbertgameengine\minigin\win32\debugdll\imgui_tables.obj
d:\trabalho\dae\2nd year\2nd semester\programming 4\qbertgameengine\minigin\win32\debugdll\imgui_draw.obj
d:\trabalho\dae\2nd year\2nd semester\programming 4\qbertgameengine\minigin\win32\debugdll\imgui_demo.obj
d:\trabalho\dae\2nd year\2nd semester\programming 4\qbertgameengine\minigin\win32\debugdll\imgui.obj
d:\trabalho\dae\2nd year\2nd semester\programming 4\qbertgameengine\minigin\win32\debugdll\imgui_impl_sdl.obj
d:\trabalho\dae\2nd year\2nd semester\programming 4\qbertgameengine\minigin\win32\debugdll\imgui_impl_opengl2.obj
d:\trabalho\dae\2nd year\2nd semester\programming 4\qbertgameengine\minigin\win32\debugdll\resourcemanager.obj
d:\trabalho\dae\2nd year\2nd semester\programming 4\qbertgameengine\minigin\win32\debugdll\renderer.obj
d:\trabalho\dae\2nd year\2nd semester\programming 4\qbertgameengine\minigin\win32\debugdll\qbertcomponent.obj
d:\trabalho\dae\2nd year\2nd semester\programming 4\qbertgameengine\minigin\win32\debugdll\pointsdisplaycomponent.obj
d:\trabalho\dae\2nd year\2nd semester\programming 4\qbertgameengine\minigin\win32\debugdll\physicscomponent.obj
d:\trabalho\dae\2nd year\2nd semester\programming 4\qbertgameengine\minigin\win32\debugdll\observer.obj
d:\trabalho\dae\2nd year\2nd semester\programming 4\qbertgameengine\minigin\win32\debugdll\minigin.obj
d:\trabalho\dae\2nd year\2nd semester\programming 4\qbertgameengine\minigin\win32\debugdll\main.obj
d:\trabalho\dae\2nd year\2nd semester\programming 4\qbertgameengine\minigin\win32\debugdll\livesdisplaycomponent.obj
d:\trabalho\dae\2nd year\2nd semester\programming 4\qbertgameengine\minigin\win32\debugdll\lifecomponent.obj
d:\trabalho\dae\2nd year\2nd semester\programming 4\qbertgameengine\minigin\win32\debugdll\inputmanager.obj
d:\trabalho\dae\2nd year\2nd semester\programming 4\qbertgameengine\minigin\win32\debugdll\inputcomponent.obj
d:\trabalho\dae\2nd year\2nd semester\programming 4\qbertgameengine\minigin\win32\debugdll\graphicscomponent.obj
d:\trabalho\dae\2nd year\2nd semester\programming 4\qbertgameengine\minigin\win32\debugdll\gameobject.obj
d:\trabalho\dae\2nd year\2nd semester\programming 4\qbertgameengine\minigin\win32\debugdll\hpdisplay.obj
d:\trabalho\dae\2nd year\2nd semester\programming 4\qbertgameengine\minigin\win32\debugdll\fpscomponent.obj
d:\trabalho\dae\2nd year\2nd semester\programming 4\qbertgameengine\minigin\win32\debugdll\font.obj
d:\trabalho\dae\2nd year\2nd semester\programming 4\qbertgameengine\minigin\win32\debugdll\command.obj
d:\trabalho\dae\2nd year\2nd semester\programming 4\qbertgameengine\minigin\win32\debugdll\basecomponent.obj
d:\trabalho\dae\2nd year\2nd semester\programming 4\qbertgameengine\minigin\win32\debugdll\audiocomponent.obj
d:\trabalho\dae\2nd year\2nd semester\programming 4\qbertgameengine\minigin\win32\debugdll\transform.obj
d:\trabalho\dae\2nd year\2nd semester\programming 4\qbertgameengine\minigin\win32\debugdll\texture2d.obj
d:\trabalho\dae\2nd year\2nd semester\programming 4\qbertgameengine\minigin\win32\debugdll\textcomponent.obj
d:\trabalho\dae\2nd year\2nd semester\programming 4\qbertgameengine\minigin\win32\debugdll\subject.obj
d:\trabalho\dae\2nd year\2nd semester\programming 4\qbertgameengine\minigin\win32\debugdll\scenemanager.obj
d:\trabalho\dae\2nd year\2nd semester\programming 4\qbertgameengine\minigin\win32\debugdll\scene.obj
d:\trabalho\dae\2nd year\2nd semester\programming 4\qbertgameengine\win32\debugdll\minigin.dll
d:\trabalho\dae\2nd year\2nd semester\programming 4\qbertgameengine\win32\debugdll\minigin.ilk
d:\trabalho\dae\2nd year\2nd semester\programming 4\qbertgameengine\win32\debugdll\minigin.pdb
d:\trabalho\dae\2nd year\2nd semester\programming 4\qbertgameengine\win32\debugdll\minigin.lib
d:\trabalho\dae\2nd year\2nd semester\programming 4\qbertgameengine\win32\debugdll\minigin.exp
d:\trabalho\dae\2nd year\2nd semester\programming 4\qbertgameengine\minigin\win32\debugdll\minigin.tlog\cl.command.1.tlog
d:\trabalho\dae\2nd year\2nd semester\programming 4\qbertgameengine\minigin\win32\debugdll\minigin.tlog\cl.read.1.tlog
d:\trabalho\dae\2nd year\2nd semester\programming 4\qbertgameengine\minigin\win32\debugdll\minigin.tlog\cl.write.1.tlog
d:\trabalho\dae\2nd year\2nd semester\programming 4\qbertgameengine\minigin\win32\debugdll\minigin.tlog\link.command.1.tlog
d:\trabalho\dae\2nd year\2nd semester\programming 4\qbertgameengine\minigin\win32\debugdll\minigin.tlog\link.read.1.tlog
d:\trabalho\dae\2nd year\2nd semester\programming 4\qbertgameengine\minigin\win32\debugdll\minigin.tlog\link.write.1.tlog
d:\trabalho\dae\2nd year\2nd semester\programming 4\qbertgameengine\minigin\win32\debugdll\minigin.tlog\minigin.write.1u.tlog
