d:\trabalho\dae\2nd year\2nd semester\programming 4\qbertgameengine\minigin\win32\debug\minigin.pch
d:\trabalho\dae\2nd year\2nd semester\programming 4\qbertgameengine\minigin\win32\debug\minigin.pdb
d:\trabalho\dae\2nd year\2nd semester\programming 4\qbertgameengine\minigin\win32\debug\minigin.idb
d:\trabalho\dae\2nd year\2nd semester\programming 4\qbertgameengine\minigin\win32\debug\miniginpch.obj
d:\trabalho\dae\2nd year\2nd semester\programming 4\qbertgameengine\minigin\win32\debug\imgui_widgets.obj
d:\trabalho\dae\2nd year\2nd semester\programming 4\qbertgameengine\minigin\win32\debug\imgui_tables.obj
d:\trabalho\dae\2nd year\2nd semester\programming 4\qbertgameengine\minigin\win32\debug\imgui_draw.obj
d:\trabalho\dae\2nd year\2nd semester\programming 4\qbertgameengine\minigin\win32\debug\imgui_demo.obj
d:\trabalho\dae\2nd year\2nd semester\programming 4\qbertgameengine\minigin\win32\debug\imgui.obj
d:\trabalho\dae\2nd year\2nd semester\programming 4\qbertgameengine\minigin\win32\debug\imgui_impl_sdl.obj
d:\trabalho\dae\2nd year\2nd semester\programming 4\qbertgameengine\minigin\win32\debug\imgui_impl_opengl2.obj
d:\trabalho\dae\2nd year\2nd semester\programming 4\qbertgameengine\minigin\win32\debug\qbertcomponent.obj
d:\trabalho\dae\2nd year\2nd semester\programming 4\qbertgameengine\minigin\win32\debug\pointsdisplaycomponent.obj
d:\trabalho\dae\2nd year\2nd semester\programming 4\qbertgameengine\minigin\win32\debug\physicscomponent.obj
d:\trabalho\dae\2nd year\2nd semester\programming 4\qbertgameengine\minigin\win32\debug\observer.obj
d:\trabalho\dae\2nd year\2nd semester\programming 4\qbertgameengine\minigin\win32\debug\minigin.obj
d:\trabalho\dae\2nd year\2nd semester\programming 4\qbertgameengine\minigin\win32\debug\main.obj
d:\trabalho\dae\2nd year\2nd semester\programming 4\qbertgameengine\minigin\win32\debug\loggingsoundsystem.obj
d:\trabalho\dae\2nd year\2nd semester\programming 4\qbertgameengine\minigin\win32\debug\livesdisplaycomponent.obj
d:\trabalho\dae\2nd year\2nd semester\programming 4\qbertgameengine\minigin\win32\debug\lifecomponent.obj
d:\trabalho\dae\2nd year\2nd semester\programming 4\qbertgameengine\minigin\win32\debug\inputmanager.obj
d:\trabalho\dae\2nd year\2nd semester\programming 4\qbertgameengine\minigin\win32\debug\inputcomponent.obj
d:\trabalho\dae\2nd year\2nd semester\programming 4\qbertgameengine\minigin\win32\debug\graphicscomponent.obj
d:\trabalho\dae\2nd year\2nd semester\programming 4\qbertgameengine\minigin\win32\debug\gameobject.obj
d:\trabalho\dae\2nd year\2nd semester\programming 4\qbertgameengine\minigin\win32\debug\hpdisplay.obj
d:\trabalho\dae\2nd year\2nd semester\programming 4\qbertgameengine\minigin\win32\debug\fpscomponent.obj
d:\trabalho\dae\2nd year\2nd semester\programming 4\qbertgameengine\minigin\win32\debug\font.obj
d:\trabalho\dae\2nd year\2nd semester\programming 4\qbertgameengine\minigin\win32\debug\command.obj
d:\trabalho\dae\2nd year\2nd semester\programming 4\qbertgameengine\minigin\win32\debug\basecomponent.obj
d:\trabalho\dae\2nd year\2nd semester\programming 4\qbertgameengine\minigin\win32\debug\audiocomponent.obj
d:\trabalho\dae\2nd year\2nd semester\programming 4\qbertgameengine\minigin\win32\debug\audio.obj
d:\trabalho\dae\2nd year\2nd semester\programming 4\qbertgameengine\minigin\win32\debug\wrappedaudio.obj
d:\trabalho\dae\2nd year\2nd semester\programming 4\qbertgameengine\minigin\win32\debug\transform.obj
d:\trabalho\dae\2nd year\2nd semester\programming 4\qbertgameengine\minigin\win32\debug\texture2d.obj
d:\trabalho\dae\2nd year\2nd semester\programming 4\qbertgameengine\minigin\win32\debug\textcomponent.obj
d:\trabalho\dae\2nd year\2nd semester\programming 4\qbertgameengine\minigin\win32\debug\subject.obj
d:\trabalho\dae\2nd year\2nd semester\programming 4\qbertgameengine\minigin\win32\debug\soundsystem.obj
d:\trabalho\dae\2nd year\2nd semester\programming 4\qbertgameengine\minigin\win32\debug\soundservicelocator.obj
d:\trabalho\dae\2nd year\2nd semester\programming 4\qbertgameengine\minigin\win32\debug\sdlsoundsystem.obj
d:\trabalho\dae\2nd year\2nd semester\programming 4\qbertgameengine\minigin\win32\debug\scenemanager.obj
d:\trabalho\dae\2nd year\2nd semester\programming 4\qbertgameengine\minigin\win32\debug\scene.obj
d:\trabalho\dae\2nd year\2nd semester\programming 4\qbertgameengine\minigin\win32\debug\resourcemanager.obj
d:\trabalho\dae\2nd year\2nd semester\programming 4\qbertgameengine\minigin\win32\debug\renderer.obj
d:\trabalho\dae\2nd year\2nd semester\programming 4\qbertgameengine\win32\debug\minigin.lib
d:\trabalho\dae\2nd year\2nd semester\programming 4\qbertgameengine\minigin\win32\debug\minigin.tlog\cl.command.1.tlog
d:\trabalho\dae\2nd year\2nd semester\programming 4\qbertgameengine\minigin\win32\debug\minigin.tlog\cl.read.1.tlog
d:\trabalho\dae\2nd year\2nd semester\programming 4\qbertgameengine\minigin\win32\debug\minigin.tlog\cl.write.1.tlog
d:\trabalho\dae\2nd year\2nd semester\programming 4\qbertgameengine\minigin\win32\debug\minigin.tlog\lib-link.read.1.tlog
d:\trabalho\dae\2nd year\2nd semester\programming 4\qbertgameengine\minigin\win32\debug\minigin.tlog\lib-link.write.1.tlog
d:\trabalho\dae\2nd year\2nd semester\programming 4\qbertgameengine\minigin\win32\debug\minigin.tlog\lib.command.1.tlog
