  imgui_widgets.cpp
  audio.cpp
  AudioComponent.cpp
  BaseComponent.cpp
  Command.cpp
  Font.cpp
  FPSComponent.cpp
  HPDisplay.cpp
  GameObject.cpp
  GraphicsComponent.cpp
  InputComponent.cpp
  InputManager.cpp
  LifeComponent.cpp
  LivesDisplayComponent.cpp
  LoggingSoundSystem.cpp
  Main.cpp
  Minigin.cpp
  Observer.cpp
  PhysicsComponent.cpp
  PointsDisplayComponent.cpp
  QBertComponent.cpp
  Compiling...
  Renderer.cpp
  ResourceManager.cpp
  Scene.cpp
  SceneManager.cpp
  SDLSoundSystem.cpp
  SoundServiceLocator.cpp
  SoundSystem.cpp
  Subject.cpp
  TextComponent.cpp
  Texture2D.cpp
  Transform.cpp
  WrappedAudio.cpp
     Creating library D:\Trabalho\DAE\2nd Year\2nd Semester\Programming 4\QBertGameEngine\Win32\ReleaseDLL\Minigin.lib and object D:\Trabalho\DAE\2nd Year\2nd Semester\Programming 4\QBertGameEngine\Win32\ReleaseDLL\Minigin.exp
  Generating code
  Previous IPDB not found, fall back to full compilation.
  All 3075 functions were compiled because no usable IPDB/IOBJ from previous compilation was found.
  Finished generating code
  Minigin.vcxproj -> D:\Trabalho\DAE\2nd Year\2nd Semester\Programming 4\QBertGameEngine\Win32\ReleaseDLL\Minigin.dll
